<?xml version="1.0" encoding="UTF-8"?>
<testsuites name="TS3_Category" time="67.378" tests="2" failures="0" errors="0">
   <testsuite name="TS3_Category" tests="2" failures="0" errors="0" time="67.378" skipped="0" timestamp="2023-09-08 21:29:49" hostname="Najwa - LAPTOP-TSBSMC4J.local" id="Test Suites/Category/TS3_Category">
      <properties>
         <property name="deviceName" value="emulator-5554 (sdk_gphone_x86 - Android 11)"/>
         <property name="devicePlatform" value=""/>
         <property name="logFolder" value="D:\\4 -- QA Automation\\Hacktiv8\\Assignment 3\\Mobile Testing\\Katalon\\Katalon-Mobile-Testing\\Reports\\20230908_212947\\Category\\TS3_Category\\20230908_212947"/>
         <property name="logFiles" value="D:\\4 -- QA Automation\\Hacktiv8\\Assignment 3\\Mobile Testing\\Katalon\\Katalon-Mobile-Testing\\Reports\\20230908_212947\\Category\\TS3_Category\\20230908_212947\\appium.log, D:\\4 -- QA Automation\\Hacktiv8\\Assignment 3\\Mobile Testing\\Katalon\\Katalon-Mobile-Testing\\Reports\\20230908_212947\\Category\\TS3_Category\\20230908_212947\\execution0.log"/>
         <property name="attachments" value=""/>
         <property name="hostName" value="Najwa - LAPTOP-TSBSMC4J.local"/>
         <property name="os" value="Windows 11 64bit"/>
         <property name="appiumServerStatus" value="{&quot;value&quot;:{&quot;build&quot;:{&quot;version&quot;:&quot;1.22.3&quot;}},&quot;sessionId&quot;:null,&quot;status&quot;:0}"/>
         <property name="katalonVersion" value="8.6.5.208"/>
         <property name="deviceOS" value="Android"/>
         <property name="appiumVersion" value="1.22.3"/>
         <property name="deviceModel" value="sdk_gphone_x86"/>
         <property name="hostAddress" value="192.168.1.9"/>
         <property name="deviceManufacturer" value="Google"/>
         <property name="deviceId" value="emulator-5554"/>
         <property name="deviceName" value="emulator-5554 (sdk_gphone_x86 - Android 11)"/>
         <property name="deviceOSVersion" value="11"/>
      </properties>
      <testcase name="Test Cases/TC_Category/TC1_Access-Category-Page" time="19.376" classname="Test Cases/TC_Category/TC1_Access-Category-Page" status="PASSED">
         <system-out><![CDATA[2023-09-08 21:29:49 - [TEST_CASE][PASSED] - Test Cases/TC_Category/TC1_Access-Category-Page: Test Cases/TC_Category/TC1_Access-Category-Page

2023-09-08 21:29:50 - [TEST_STEP][PASSED] - callTestCase(findTestCase("Reusable-Test/TC0_Launch-Exist-App"), [:], STOP_ON_FAILURE): Call Test Case 'Test Cases/Reusable-Test/TC0_Launch-Exist-App' successfully

2023-09-08 21:29:50 - [TEST_CASE][PASSED] - Test Cases/Reusable-Test/TC0_Launch-Exist-App: Test Cases/Reusable-Test/TC0_Launch-Exist-App

2023-09-08 21:29:50 - [TEST_STEP][PASSED] - startExistingApplication(application_id, STOP_ON_FAILURE): Starting app with application ID: 'com.solodroid.solomerce'

2023-09-08 21:29:51 - [MESSAGE][INFO] - Detected NodeJS location: "C:\Program Files\nodejs\node.exe"

2023-09-08 21:29:52 - [MESSAGE][INFO] - Appium server started on port 56,128

2023-09-08 21:30:02 - [MESSAGE][PASSED] - Starting app with application ID: 'com.solodroid.solomerce'

2023-09-08 21:30:02 - [MESSAGE][PASSED] - Call Test Case 'Test Cases/Reusable-Test/TC0_Launch-Exist-App' successfully

2023-09-08 21:30:02 - [TEST_STEP][PASSED] - verifyElementVisible(findTestObject("Category/btn_category-navbar"), 0): Element 'Object Repository/Category/btn_category-navbar' is visible

2023-09-08 21:30:03 - [MESSAGE][WARNING] - Timeout '0' is invalid. Using default page load timeout: '30'

2023-09-08 21:30:04 - [MESSAGE][PASSED] - Element 'Object Repository/Category/btn_category-navbar' is visible

2023-09-08 21:30:04 - [TEST_STEP][PASSED] - tap(findTestObject("Category/btn_category-navbar"), 0): Tapped on element 'Object Repository/Category/btn_category-navbar'

2023-09-08 21:30:04 - [MESSAGE][WARNING] - Timeout '0' is invalid. Using default page load timeout: '30'

2023-09-08 21:30:05 - [MESSAGE][PASSED] - Tapped on element 'Object Repository/Category/btn_category-navbar'

2023-09-08 21:30:05 - [TEST_STEP][PASSED] - verifyElementVisible(findTestObject("Category/txt_title-category-catgory"), 0): Element 'Object Repository/Category/txt_title-category-catgory' is visible

2023-09-08 21:30:05 - [MESSAGE][WARNING] - Timeout '0' is invalid. Using default page load timeout: '30'

2023-09-08 21:30:05 - [MESSAGE][PASSED] - Element 'Object Repository/Category/txt_title-category-catgory' is visible

2023-09-08 21:30:05 - [TEST_STEP][PASSED] - verifyElementVisible(findTestObject("Category/btn_search-category"), 0): Element 'Object Repository/Category/btn_search-category' is visible

2023-09-08 21:30:05 - [MESSAGE][WARNING] - Timeout '0' is invalid. Using default page load timeout: '30'

2023-09-08 21:30:05 - [MESSAGE][PASSED] - Element 'Object Repository/Category/btn_search-category' is visible

2023-09-08 21:30:05 - [TEST_STEP][PASSED] - verifyElementVisible(findTestObject("Category/btn_cart-category"), 0): Element 'Object Repository/Category/btn_cart-category' is visible

2023-09-08 21:30:05 - [MESSAGE][WARNING] - Timeout '0' is invalid. Using default page load timeout: '30'

2023-09-08 21:30:05 - [MESSAGE][PASSED] - Element 'Object Repository/Category/btn_cart-category' is visible

2023-09-08 21:30:05 - [TEST_STEP][PASSED] - verifyElementVisible(findTestObject("Category/icon_eg-category"), 0): Element 'Object Repository/Category/icon_eg-category' is visible

2023-09-08 21:30:05 - [MESSAGE][WARNING] - Timeout '0' is invalid. Using default page load timeout: '30'

2023-09-08 21:30:06 - [MESSAGE][PASSED] - Element 'Object Repository/Category/icon_eg-category' is visible

2023-09-08 21:30:06 - [TEST_STEP][PASSED] - verifyElementVisible(findTestObject("Category/txt_eg-category"), 0): Element 'Object Repository/Category/txt_eg-category' is visible

2023-09-08 21:30:06 - [MESSAGE][WARNING] - Timeout '0' is invalid. Using default page load timeout: '30'

2023-09-08 21:30:06 - [MESSAGE][PASSED] - Element 'Object Repository/Category/txt_eg-category' is visible

2023-09-08 21:30:06 - [TEST_STEP][PASSED] - verifyElementVisible(findTestObject("Category/txt_eg-items-category"), 0): Element 'Object Repository/Category/txt_eg-items-category' is visible

2023-09-08 21:30:06 - [MESSAGE][WARNING] - Timeout '0' is invalid. Using default page load timeout: '30'

2023-09-08 21:30:06 - [MESSAGE][PASSED] - Element 'Object Repository/Category/txt_eg-items-category' is visible

2023-09-08 21:30:06 - [TEST_STEP][PASSED] - verifyElementVisible(findTestObject("Category/icon_fashions-category"), 0): Element 'Object Repository/Category/icon_fashions-category' is visible

2023-09-08 21:30:06 - [MESSAGE][WARNING] - Timeout '0' is invalid. Using default page load timeout: '30'

2023-09-08 21:30:06 - [MESSAGE][PASSED] - Element 'Object Repository/Category/icon_fashions-category' is visible

2023-09-08 21:30:06 - [TEST_STEP][PASSED] - verifyElementVisible(findTestObject("Category/txt_fashions-category"), 0): Element 'Object Repository/Category/txt_fashions-category' is visible

2023-09-08 21:30:06 - [MESSAGE][WARNING] - Timeout '0' is invalid. Using default page load timeout: '30'

2023-09-08 21:30:06 - [MESSAGE][PASSED] - Element 'Object Repository/Category/txt_fashions-category' is visible

2023-09-08 21:30:06 - [TEST_STEP][PASSED] - verifyElementVisible(findTestObject("Category/txt_fashion-items-category"), 0): Element 'Object Repository/Category/txt_fashion-items-category' is visible

2023-09-08 21:30:06 - [MESSAGE][WARNING] - Timeout '0' is invalid. Using default page load timeout: '30'

2023-09-08 21:30:07 - [MESSAGE][PASSED] - Element 'Object Repository/Category/txt_fashion-items-category' is visible

2023-09-08 21:30:07 - [TEST_STEP][PASSED] - verifyElementVisible(findTestObject("Category/icon_baby-gear-category"), 0): Element 'Object Repository/Category/icon_baby-gear-category' is visible

2023-09-08 21:30:07 - [MESSAGE][WARNING] - Timeout '0' is invalid. Using default page load timeout: '30'

2023-09-08 21:30:07 - [MESSAGE][PASSED] - Element 'Object Repository/Category/icon_baby-gear-category' is visible

2023-09-08 21:30:07 - [TEST_STEP][PASSED] - verifyElementVisible(findTestObject("Category/txt_baby-gear-category"), 0): Element 'Object Repository/Category/txt_baby-gear-category' is visible

2023-09-08 21:30:07 - [MESSAGE][WARNING] - Timeout '0' is invalid. Using default page load timeout: '30'

2023-09-08 21:30:07 - [MESSAGE][PASSED] - Element 'Object Repository/Category/txt_baby-gear-category' is visible

2023-09-08 21:30:07 - [TEST_STEP][PASSED] - verifyElementVisible(findTestObject("Category/txt_baby-gear-items-category"), 0): Element 'Object Repository/Category/txt_baby-gear-items-category' is visible

2023-09-08 21:30:07 - [MESSAGE][WARNING] - Timeout '0' is invalid. Using default page load timeout: '30'

2023-09-08 21:30:07 - [MESSAGE][PASSED] - Element 'Object Repository/Category/txt_baby-gear-items-category' is visible

2023-09-08 21:30:07 - [TEST_STEP][PASSED] - verifyElementVisible(findTestObject("Category/icon_hf-category"), 0): Element 'Object Repository/Category/icon_hf-category' is visible

2023-09-08 21:30:07 - [MESSAGE][WARNING] - Timeout '0' is invalid. Using default page load timeout: '30'

2023-09-08 21:30:07 - [MESSAGE][PASSED] - Element 'Object Repository/Category/icon_hf-category' is visible

2023-09-08 21:30:07 - [TEST_STEP][PASSED] - verifyElementVisible(findTestObject("Category/txt_hf-category"), 0): Element 'Object Repository/Category/txt_hf-category' is visible

2023-09-08 21:30:07 - [MESSAGE][WARNING] - Timeout '0' is invalid. Using default page load timeout: '30'

2023-09-08 21:30:07 - [MESSAGE][PASSED] - Element 'Object Repository/Category/txt_hf-category' is visible

2023-09-08 21:30:07 - [TEST_STEP][PASSED] - verifyElementVisible(findTestObject("Category/txt_hf-items-category"), 0): Element 'Object Repository/Category/txt_hf-items-category' is visible

2023-09-08 21:30:07 - [MESSAGE][WARNING] - Timeout '0' is invalid. Using default page load timeout: '30'

2023-09-08 21:30:08 - [MESSAGE][PASSED] - Element 'Object Repository/Category/txt_hf-items-category' is visible

2023-09-08 21:30:08 - [TEST_STEP][PASSED] - verifyElementVisible(findTestObject("Category/icon_hs-category"), 0): Element 'Object Repository/Category/icon_hs-category' is visible

2023-09-08 21:30:08 - [MESSAGE][WARNING] - Timeout '0' is invalid. Using default page load timeout: '30'

2023-09-08 21:30:08 - [MESSAGE][PASSED] - Element 'Object Repository/Category/icon_hs-category' is visible

2023-09-08 21:30:08 - [TEST_STEP][PASSED] - verifyElementVisible(findTestObject("Category/txt_hs-category"), 0): Element 'Object Repository/Category/txt_hs-category' is visible

2023-09-08 21:30:08 - [MESSAGE][WARNING] - Timeout '0' is invalid. Using default page load timeout: '30'

2023-09-08 21:30:08 - [MESSAGE][PASSED] - Element 'Object Repository/Category/txt_hs-category' is visible

2023-09-08 21:30:08 - [TEST_STEP][PASSED] - verifyElementVisible(findTestObject("Category/txt_hf-items-category"), 0): Element 'Object Repository/Category/txt_hf-items-category' is visible

2023-09-08 21:30:08 - [MESSAGE][WARNING] - Timeout '0' is invalid. Using default page load timeout: '30'

2023-09-08 21:30:08 - [MESSAGE][PASSED] - Element 'Object Repository/Category/txt_hf-items-category' is visible

2023-09-08 21:30:08 - [TEST_STEP][PASSED] - verifyElementVisible(findTestObject("Category/icon_oi-category"), 0): Element 'Object Repository/Category/icon_oi-category' is visible

2023-09-08 21:30:08 - [MESSAGE][WARNING] - Timeout '0' is invalid. Using default page load timeout: '30'

2023-09-08 21:30:08 - [MESSAGE][PASSED] - Element 'Object Repository/Category/icon_oi-category' is visible

2023-09-08 21:30:08 - [TEST_STEP][PASSED] - verifyElementVisible(findTestObject("Category/txt_oi-category"), 0): Element 'Object Repository/Category/txt_oi-category' is visible

2023-09-08 21:30:08 - [MESSAGE][WARNING] - Timeout '0' is invalid. Using default page load timeout: '30'

2023-09-08 21:30:08 - [MESSAGE][PASSED] - Element 'Object Repository/Category/txt_oi-category' is visible

2023-09-08 21:30:08 - [TEST_STEP][PASSED] - verifyElementVisible(findTestObject("Category/txt_oi-items-category"), 0): Element 'Object Repository/Category/txt_oi-items-category' is visible

2023-09-08 21:30:09 - [MESSAGE][WARNING] - Timeout '0' is invalid. Using default page load timeout: '30'

2023-09-08 21:30:09 - [MESSAGE][PASSED] - Element 'Object Repository/Category/txt_oi-items-category' is visible]]></system-out>
         <system-err><![CDATA[]]></system-err>
      </testcase>
      <testcase name="Test Cases/TC_Category/TC2_Order-Search-Product-From-Category" time="47.771" classname="Test Cases/TC_Category/TC2_Order-Search-Product-From-Category" status="PASSED">
         <system-out><![CDATA[2023-09-08 21:30:09 - [TEST_CASE][PASSED] - Test Cases/TC_Category/TC2_Order-Search-Product-From-Category: Test Cases/TC_Category/TC2_Order-Search-Product-From-Category

2023-09-08 21:30:09 - [TEST_STEP][PASSED] - callTestCase(findTestCase("TC_Category/TC1_Access-Category-Page"), [:], STOP_ON_FAILURE): Call Test Case 'Test Cases/TC_Category/TC1_Access-Category-Page' successfully

2023-09-08 21:30:09 - [TEST_CASE][PASSED] - Test Cases/TC_Category/TC1_Access-Category-Page: Test Cases/TC_Category/TC1_Access-Category-Page

2023-09-08 21:30:09 - [TEST_STEP][PASSED] - callTestCase(findTestCase("Reusable-Test/TC0_Launch-Exist-App"), [:], STOP_ON_FAILURE): Call Test Case 'Test Cases/Reusable-Test/TC0_Launch-Exist-App' successfully

2023-09-08 21:30:09 - [TEST_CASE][PASSED] - Test Cases/Reusable-Test/TC0_Launch-Exist-App: Test Cases/Reusable-Test/TC0_Launch-Exist-App

2023-09-08 21:30:09 - [TEST_STEP][PASSED] - startExistingApplication(application_id, STOP_ON_FAILURE): Starting app with application ID: 'com.solodroid.solomerce'

2023-09-08 21:30:17 - [MESSAGE][PASSED] - Starting app with application ID: 'com.solodroid.solomerce'

2023-09-08 21:30:17 - [MESSAGE][PASSED] - Call Test Case 'Test Cases/Reusable-Test/TC0_Launch-Exist-App' successfully

2023-09-08 21:30:17 - [TEST_STEP][PASSED] - verifyElementVisible(findTestObject("Category/btn_category-navbar"), 0): Element 'Object Repository/Category/btn_category-navbar' is visible

2023-09-08 21:30:17 - [MESSAGE][WARNING] - Timeout '0' is invalid. Using default page load timeout: '30'

2023-09-08 21:30:18 - [MESSAGE][PASSED] - Element 'Object Repository/Category/btn_category-navbar' is visible

2023-09-08 21:30:18 - [TEST_STEP][PASSED] - tap(findTestObject("Category/btn_category-navbar"), 0): Tapped on element 'Object Repository/Category/btn_category-navbar'

2023-09-08 21:30:18 - [MESSAGE][WARNING] - Timeout '0' is invalid. Using default page load timeout: '30'

2023-09-08 21:30:19 - [MESSAGE][PASSED] - Tapped on element 'Object Repository/Category/btn_category-navbar'

2023-09-08 21:30:19 - [TEST_STEP][PASSED] - verifyElementVisible(findTestObject("Category/txt_title-category-catgory"), 0): Element 'Object Repository/Category/txt_title-category-catgory' is visible

2023-09-08 21:30:19 - [MESSAGE][WARNING] - Timeout '0' is invalid. Using default page load timeout: '30'

2023-09-08 21:30:19 - [MESSAGE][PASSED] - Element 'Object Repository/Category/txt_title-category-catgory' is visible

2023-09-08 21:30:19 - [TEST_STEP][PASSED] - verifyElementVisible(findTestObject("Category/btn_search-category"), 0): Element 'Object Repository/Category/btn_search-category' is visible

2023-09-08 21:30:19 - [MESSAGE][WARNING] - Timeout '0' is invalid. Using default page load timeout: '30'

2023-09-08 21:30:19 - [MESSAGE][PASSED] - Element 'Object Repository/Category/btn_search-category' is visible

2023-09-08 21:30:19 - [TEST_STEP][PASSED] - verifyElementVisible(findTestObject("Category/btn_cart-category"), 0): Element 'Object Repository/Category/btn_cart-category' is visible

2023-09-08 21:30:19 - [MESSAGE][WARNING] - Timeout '0' is invalid. Using default page load timeout: '30'

2023-09-08 21:30:19 - [MESSAGE][PASSED] - Element 'Object Repository/Category/btn_cart-category' is visible

2023-09-08 21:30:19 - [TEST_STEP][PASSED] - verifyElementVisible(findTestObject("Category/icon_eg-category"), 0): Element 'Object Repository/Category/icon_eg-category' is visible

2023-09-08 21:30:19 - [MESSAGE][WARNING] - Timeout '0' is invalid. Using default page load timeout: '30'

2023-09-08 21:30:19 - [MESSAGE][PASSED] - Element 'Object Repository/Category/icon_eg-category' is visible

2023-09-08 21:30:19 - [TEST_STEP][PASSED] - verifyElementVisible(findTestObject("Category/txt_eg-category"), 0): Element 'Object Repository/Category/txt_eg-category' is visible

2023-09-08 21:30:19 - [MESSAGE][WARNING] - Timeout '0' is invalid. Using default page load timeout: '30'

2023-09-08 21:30:20 - [MESSAGE][PASSED] - Element 'Object Repository/Category/txt_eg-category' is visible

2023-09-08 21:30:20 - [TEST_STEP][PASSED] - verifyElementVisible(findTestObject("Category/txt_eg-items-category"), 0): Element 'Object Repository/Category/txt_eg-items-category' is visible

2023-09-08 21:30:20 - [MESSAGE][WARNING] - Timeout '0' is invalid. Using default page load timeout: '30'

2023-09-08 21:30:20 - [MESSAGE][PASSED] - Element 'Object Repository/Category/txt_eg-items-category' is visible

2023-09-08 21:30:20 - [TEST_STEP][PASSED] - verifyElementVisible(findTestObject("Category/icon_fashions-category"), 0): Element 'Object Repository/Category/icon_fashions-category' is visible

2023-09-08 21:30:20 - [MESSAGE][WARNING] - Timeout '0' is invalid. Using default page load timeout: '30'

2023-09-08 21:30:20 - [MESSAGE][PASSED] - Element 'Object Repository/Category/icon_fashions-category' is visible

2023-09-08 21:30:20 - [TEST_STEP][PASSED] - verifyElementVisible(findTestObject("Category/txt_fashions-category"), 0): Element 'Object Repository/Category/txt_fashions-category' is visible

2023-09-08 21:30:20 - [MESSAGE][WARNING] - Timeout '0' is invalid. Using default page load timeout: '30'

2023-09-08 21:30:20 - [MESSAGE][PASSED] - Element 'Object Repository/Category/txt_fashions-category' is visible

2023-09-08 21:30:20 - [TEST_STEP][PASSED] - verifyElementVisible(findTestObject("Category/txt_fashion-items-category"), 0): Element 'Object Repository/Category/txt_fashion-items-category' is visible

2023-09-08 21:30:20 - [MESSAGE][WARNING] - Timeout '0' is invalid. Using default page load timeout: '30'

2023-09-08 21:30:20 - [MESSAGE][PASSED] - Element 'Object Repository/Category/txt_fashion-items-category' is visible

2023-09-08 21:30:20 - [TEST_STEP][PASSED] - verifyElementVisible(findTestObject("Category/icon_baby-gear-category"), 0): Element 'Object Repository/Category/icon_baby-gear-category' is visible

2023-09-08 21:30:20 - [MESSAGE][WARNING] - Timeout '0' is invalid. Using default page load timeout: '30'

2023-09-08 21:30:20 - [MESSAGE][PASSED] - Element 'Object Repository/Category/icon_baby-gear-category' is visible

2023-09-08 21:30:20 - [TEST_STEP][PASSED] - verifyElementVisible(findTestObject("Category/txt_baby-gear-category"), 0): Element 'Object Repository/Category/txt_baby-gear-category' is visible

2023-09-08 21:30:21 - [MESSAGE][WARNING] - Timeout '0' is invalid. Using default page load timeout: '30'

2023-09-08 21:30:21 - [MESSAGE][PASSED] - Element 'Object Repository/Category/txt_baby-gear-category' is visible

2023-09-08 21:30:21 - [TEST_STEP][PASSED] - verifyElementVisible(findTestObject("Category/txt_baby-gear-items-category"), 0): Element 'Object Repository/Category/txt_baby-gear-items-category' is visible

2023-09-08 21:30:21 - [MESSAGE][WARNING] - Timeout '0' is invalid. Using default page load timeout: '30'

2023-09-08 21:30:21 - [MESSAGE][PASSED] - Element 'Object Repository/Category/txt_baby-gear-items-category' is visible

2023-09-08 21:30:21 - [TEST_STEP][PASSED] - verifyElementVisible(findTestObject("Category/icon_hf-category"), 0): Element 'Object Repository/Category/icon_hf-category' is visible

2023-09-08 21:30:21 - [MESSAGE][WARNING] - Timeout '0' is invalid. Using default page load timeout: '30'

2023-09-08 21:30:21 - [MESSAGE][PASSED] - Element 'Object Repository/Category/icon_hf-category' is visible

2023-09-08 21:30:21 - [TEST_STEP][PASSED] - verifyElementVisible(findTestObject("Category/txt_hf-category"), 0): Element 'Object Repository/Category/txt_hf-category' is visible

2023-09-08 21:30:21 - [MESSAGE][WARNING] - Timeout '0' is invalid. Using default page load timeout: '30'

2023-09-08 21:30:21 - [MESSAGE][PASSED] - Element 'Object Repository/Category/txt_hf-category' is visible

2023-09-08 21:30:21 - [TEST_STEP][PASSED] - verifyElementVisible(findTestObject("Category/txt_hf-items-category"), 0): Element 'Object Repository/Category/txt_hf-items-category' is visible

2023-09-08 21:30:21 - [MESSAGE][WARNING] - Timeout '0' is invalid. Using default page load timeout: '30'

2023-09-08 21:30:21 - [MESSAGE][PASSED] - Element 'Object Repository/Category/txt_hf-items-category' is visible

2023-09-08 21:30:21 - [TEST_STEP][PASSED] - verifyElementVisible(findTestObject("Category/icon_hs-category"), 0): Element 'Object Repository/Category/icon_hs-category' is visible

2023-09-08 21:30:21 - [MESSAGE][WARNING] - Timeout '0' is invalid. Using default page load timeout: '30'

2023-09-08 21:30:22 - [MESSAGE][PASSED] - Element 'Object Repository/Category/icon_hs-category' is visible

2023-09-08 21:30:22 - [TEST_STEP][PASSED] - verifyElementVisible(findTestObject("Category/txt_hs-category"), 0): Element 'Object Repository/Category/txt_hs-category' is visible

2023-09-08 21:30:22 - [MESSAGE][WARNING] - Timeout '0' is invalid. Using default page load timeout: '30'

2023-09-08 21:30:22 - [MESSAGE][PASSED] - Element 'Object Repository/Category/txt_hs-category' is visible

2023-09-08 21:30:22 - [TEST_STEP][PASSED] - verifyElementVisible(findTestObject("Category/txt_hf-items-category"), 0): Element 'Object Repository/Category/txt_hf-items-category' is visible

2023-09-08 21:30:22 - [MESSAGE][WARNING] - Timeout '0' is invalid. Using default page load timeout: '30'

2023-09-08 21:30:22 - [MESSAGE][PASSED] - Element 'Object Repository/Category/txt_hf-items-category' is visible

2023-09-08 21:30:22 - [TEST_STEP][PASSED] - verifyElementVisible(findTestObject("Category/icon_oi-category"), 0): Element 'Object Repository/Category/icon_oi-category' is visible

2023-09-08 21:30:22 - [MESSAGE][WARNING] - Timeout '0' is invalid. Using default page load timeout: '30'

2023-09-08 21:30:22 - [MESSAGE][PASSED] - Element 'Object Repository/Category/icon_oi-category' is visible

2023-09-08 21:30:22 - [TEST_STEP][PASSED] - verifyElementVisible(findTestObject("Category/txt_oi-category"), 0): Element 'Object Repository/Category/txt_oi-category' is visible

2023-09-08 21:30:22 - [MESSAGE][WARNING] - Timeout '0' is invalid. Using default page load timeout: '30'

2023-09-08 21:30:22 - [MESSAGE][PASSED] - Element 'Object Repository/Category/txt_oi-category' is visible

2023-09-08 21:30:22 - [TEST_STEP][PASSED] - verifyElementVisible(findTestObject("Category/txt_oi-items-category"), 0): Element 'Object Repository/Category/txt_oi-items-category' is visible

2023-09-08 21:30:22 - [MESSAGE][WARNING] - Timeout '0' is invalid. Using default page load timeout: '30'

2023-09-08 21:30:22 - [MESSAGE][PASSED] - Element 'Object Repository/Category/txt_oi-items-category' is visible

2023-09-08 21:30:22 - [MESSAGE][PASSED] - Call Test Case 'Test Cases/TC_Category/TC1_Access-Category-Page' successfully

2023-09-08 21:30:22 - [TEST_STEP][PASSED] - tap(findTestObject("Category/btn_fashions-category"), 0): Tapped on element 'Object Repository/Category/btn_fashions-category'

2023-09-08 21:30:22 - [MESSAGE][WARNING] - Timeout '0' is invalid. Using default page load timeout: '30'

2023-09-08 21:30:22 - [MESSAGE][PASSED] - Tapped on element 'Object Repository/Category/btn_fashions-category'

2023-09-08 21:30:22 - [TEST_STEP][PASSED] - tap(findTestObject("Category/Fashions/btn_product-man-batik-category_fashion"), 0): Tapped on element 'Object Repository/Category/Fashions/btn_product-man-batik-category_fashion'

2023-09-08 21:30:23 - [MESSAGE][WARNING] - Timeout '0' is invalid. Using default page load timeout: '30'

2023-09-08 21:30:24 - [MESSAGE][PASSED] - Tapped on element 'Object Repository/Category/Fashions/btn_product-man-batik-category_fashion'

2023-09-08 21:30:24 - [TEST_STEP][PASSED] - verifyElementVisible(findTestObject("Category/Fashions/txt_product-title-men-batik-category_fashion"), 0): Element 'Object Repository/Category/Fashions/txt_product-title-men-batik-category_fashion' is visible

2023-09-08 21:30:24 - [MESSAGE][WARNING] - Timeout '0' is invalid. Using default page load timeout: '30'

2023-09-08 21:30:24 - [MESSAGE][PASSED] - Element 'Object Repository/Category/Fashions/txt_product-title-men-batik-category_fashion' is visible

2023-09-08 21:30:24 - [TEST_STEP][PASSED] - verifyElementVisible(findTestObject("Category/Fashions/txt_product-price-25usd-category_fashion"), 0): Element 'Object Repository/Category/Fashions/txt_product-price-25usd-category_fashion' is visible

2023-09-08 21:30:24 - [MESSAGE][WARNING] - Timeout '0' is invalid. Using default page load timeout: '30'

2023-09-08 21:30:26 - [MESSAGE][PASSED] - Element 'Object Repository/Category/Fashions/txt_product-price-25usd-category_fashion' is visible

2023-09-08 21:30:26 - [TEST_STEP][PASSED] - verifyElementVisible(findTestObject("Category/Fashions/txt_product-count-28itemsmen-batik-category_fashion"), 0): Element 'Object Repository/Category/Fashions/txt_product-count-28itemsmen-batik-category_fashion' is visible

2023-09-08 21:30:26 - [MESSAGE][WARNING] - Timeout '0' is invalid. Using default page load timeout: '30'

2023-09-08 21:30:26 - [MESSAGE][PASSED] - Element 'Object Repository/Category/Fashions/txt_product-count-28itemsmen-batik-category_fashion' is visible

2023-09-08 21:30:26 - [TEST_STEP][PASSED] - verifyElementVisible(findTestObject("Category/Fashions/btn_add-to-cart-men-batik-category_fashion"), 0): Element 'Object Repository/Category/Fashions/btn_add-to-cart-men-batik-category_fashion' is visible

2023-09-08 21:30:26 - [MESSAGE][WARNING] - Timeout '0' is invalid. Using default page load timeout: '30'

2023-09-08 21:30:26 - [MESSAGE][PASSED] - Element 'Object Repository/Category/Fashions/btn_add-to-cart-men-batik-category_fashion' is visible

2023-09-08 21:30:26 - [TEST_STEP][PASSED] - tap(findTestObject("Category/Fashions/btn_add-to-cart-men-batik-category_fashion"), 0): Tapped on element 'Object Repository/Category/Fashions/btn_add-to-cart-men-batik-category_fashion'

2023-09-08 21:30:26 - [MESSAGE][WARNING] - Timeout '0' is invalid. Using default page load timeout: '30'

2023-09-08 21:30:26 - [MESSAGE][PASSED] - Tapped on element 'Object Repository/Category/Fashions/btn_add-to-cart-men-batik-category_fashion'

2023-09-08 21:30:26 - [TEST_STEP][PASSED] - verifyElementVisible(findTestObject("Category/Fashions/card_product-men-batik-category_fashion"), 0): Element 'Object Repository/Category/Fashions/card_product-men-batik-category_fashion' is visible

2023-09-08 21:30:26 - [MESSAGE][WARNING] - Timeout '0' is invalid. Using default page load timeout: '30'

2023-09-08 21:30:27 - [MESSAGE][PASSED] - Element 'Object Repository/Category/Fashions/card_product-men-batik-category_fashion' is visible

2023-09-08 21:30:27 - [TEST_STEP][PASSED] - verifyElementVisible(findTestObject("Category/Fashions/txt_product-order-men-batik-category_fashion"), 0): Element 'Object Repository/Category/Fashions/txt_product-order-men-batik-category_fashion' is visible

2023-09-08 21:30:27 - [MESSAGE][WARNING] - Timeout '0' is invalid. Using default page load timeout: '30'

2023-09-08 21:30:27 - [MESSAGE][PASSED] - Element 'Object Repository/Category/Fashions/txt_product-order-men-batik-category_fashion' is visible

2023-09-08 21:30:27 - [TEST_STEP][PASSED] - verifyElementVisible(findTestObject("Category/Fashions/btn_cancel-product-men-batik-category_fashion"), 0): Element 'Object Repository/Category/Fashions/btn_cancel-product-men-batik-category_fashion' is visible

2023-09-08 21:30:27 - [MESSAGE][WARNING] - Timeout '0' is invalid. Using default page load timeout: '30'

2023-09-08 21:30:27 - [MESSAGE][PASSED] - Element 'Object Repository/Category/Fashions/btn_cancel-product-men-batik-category_fashion' is visible

2023-09-08 21:30:27 - [TEST_STEP][PASSED] - verifyElementVisible(findTestObject("Category/Fashions/btn_add-product-men-batik-category_fashion"), 0): Element 'Object Repository/Category/Fashions/btn_add-product-men-batik-category_fashion' is visible

2023-09-08 21:30:27 - [MESSAGE][WARNING] - Timeout '0' is invalid. Using default page load timeout: '30'

2023-09-08 21:30:27 - [MESSAGE][PASSED] - Element 'Object Repository/Category/Fashions/btn_add-product-men-batik-category_fashion' is visible

2023-09-08 21:30:27 - [TEST_STEP][PASSED] - setText(findTestObject("Category/Fashions/input_product-men-batik-category_fashion"), "10", 5): Text '10' has been set to element 'Object Repository/Category/Fashions/input_product-men-batik-category_fashion'

2023-09-08 21:30:28 - [MESSAGE][PASSED] - Text '10' has been set to element 'Object Repository/Category/Fashions/input_product-men-batik-category_fashion'

2023-09-08 21:30:28 - [TEST_STEP][PASSED] - tap(findTestObject("Category/Fashions/btn_add-product-men-batik-category_fashion"), 0): Tapped on element 'Object Repository/Category/Fashions/btn_add-product-men-batik-category_fashion'

2023-09-08 21:30:28 - [MESSAGE][WARNING] - Timeout '0' is invalid. Using default page load timeout: '30'

2023-09-08 21:30:29 - [MESSAGE][PASSED] - Tapped on element 'Object Repository/Category/Fashions/btn_add-product-men-batik-category_fashion'

2023-09-08 21:30:29 - [TEST_STEP][PASSED] - tap(findTestObject("Category/Fashions/btn-back-to-fashion-category_fashion"), 0): Tapped on element 'Object Repository/Category/Fashions/btn-back-to-fashion-category_fashion'

2023-09-08 21:30:29 - [MESSAGE][WARNING] - Timeout '0' is invalid. Using default page load timeout: '30'

2023-09-08 21:30:30 - [MESSAGE][PASSED] - Tapped on element 'Object Repository/Category/Fashions/btn-back-to-fashion-category_fashion'

2023-09-08 21:30:30 - [TEST_STEP][PASSED] - tap(findTestObject("Category/Fashions/btn-back-to-category-category_fashion"), 0): Tapped on element 'Object Repository/Category/Fashions/btn-back-to-category-category_fashion'

2023-09-08 21:30:30 - [MESSAGE][WARNING] - Timeout '0' is invalid. Using default page load timeout: '30'

2023-09-08 21:30:31 - [MESSAGE][PASSED] - Tapped on element 'Object Repository/Category/Fashions/btn-back-to-category-category_fashion'

2023-09-08 21:30:31 - [TEST_STEP][PASSED] - tap(findTestObject("Category/btn_office-industry-category"), 0): Tapped on element 'Object Repository/Category/btn_office-industry-category'

2023-09-08 21:30:32 - [MESSAGE][WARNING] - Timeout '0' is invalid. Using default page load timeout: '30'

2023-09-08 21:30:33 - [MESSAGE][PASSED] - Tapped on element 'Object Repository/Category/btn_office-industry-category'

2023-09-08 21:30:33 - [TEST_STEP][PASSED] - tap(findTestObject("Category/Office and Industry/btn_calcu-doraemon-category_oi"), 0): Tapped on element 'Object Repository/Category/Office and Industry/btn_calcu-doraemon-category_oi'

2023-09-08 21:30:33 - [MESSAGE][WARNING] - Timeout '0' is invalid. Using default page load timeout: '30'

2023-09-08 21:30:34 - [MESSAGE][PASSED] - Tapped on element 'Object Repository/Category/Office and Industry/btn_calcu-doraemon-category_oi'

2023-09-08 21:30:34 - [TEST_STEP][PASSED] - verifyElementVisible(findTestObject("Category/Office and Industry/txt_product-order-title-calcu-category_oi"), 0): Element 'Object Repository/Category/Office and Industry/txt_product-order-title-calcu-category_oi' is visible

2023-09-08 21:30:34 - [MESSAGE][WARNING] - Timeout '0' is invalid. Using default page load timeout: '30'

2023-09-08 21:30:35 - [MESSAGE][PASSED] - Element 'Object Repository/Category/Office and Industry/txt_product-order-title-calcu-category_oi' is visible

2023-09-08 21:30:35 - [TEST_STEP][PASSED] - verifyElementVisible(findTestObject("Category/Office and Industry/txt_product-price-calcu-12usd-category_oi"), 0): Element 'Object Repository/Category/Office and Industry/txt_product-price-calcu-12usd-category_oi' is visible

2023-09-08 21:30:35 - [MESSAGE][WARNING] - Timeout '0' is invalid. Using default page load timeout: '30'

2023-09-08 21:30:36 - [MESSAGE][PASSED] - Element 'Object Repository/Category/Office and Industry/txt_product-price-calcu-12usd-category_oi' is visible

2023-09-08 21:30:36 - [TEST_STEP][PASSED] - verifyElementVisible(findTestObject("Category/Office and Industry/txt_product-count-calcu-25items-category_oi"), 0): Element 'Object Repository/Category/Office and Industry/txt_product-count-calcu-25items-category_oi' is visible

2023-09-08 21:30:36 - [MESSAGE][WARNING] - Timeout '0' is invalid. Using default page load timeout: '30'

2023-09-08 21:30:36 - [MESSAGE][PASSED] - Element 'Object Repository/Category/Office and Industry/txt_product-count-calcu-25items-category_oi' is visible

2023-09-08 21:30:36 - [TEST_STEP][PASSED] - verifyElementVisible(findTestObject("Category/Office and Industry/btn_add-to-cart-category_oi"), 0): Element 'Object Repository/Category/Office and Industry/btn_add-to-cart-category_oi' is visible

2023-09-08 21:30:36 - [MESSAGE][WARNING] - Timeout '0' is invalid. Using default page load timeout: '30'

2023-09-08 21:30:36 - [MESSAGE][PASSED] - Element 'Object Repository/Category/Office and Industry/btn_add-to-cart-category_oi' is visible

2023-09-08 21:30:36 - [TEST_STEP][PASSED] - tap(findTestObject("Category/Office and Industry/btn_add-to-cart-category_oi"), 0): Tapped on element 'Object Repository/Category/Office and Industry/btn_add-to-cart-category_oi'

2023-09-08 21:30:36 - [MESSAGE][WARNING] - Timeout '0' is invalid. Using default page load timeout: '30'

2023-09-08 21:30:36 - [MESSAGE][PASSED] - Tapped on element 'Object Repository/Category/Office and Industry/btn_add-to-cart-category_oi'

2023-09-08 21:30:36 - [TEST_STEP][PASSED] - verifyElementVisible(findTestObject("Category/Office and Industry/card_product-calcu-category_oi"), 0): Element 'Object Repository/Category/Office and Industry/card_product-calcu-category_oi' is visible

2023-09-08 21:30:36 - [MESSAGE][WARNING] - Timeout '0' is invalid. Using default page load timeout: '30'

2023-09-08 21:30:37 - [MESSAGE][PASSED] - Element 'Object Repository/Category/Office and Industry/card_product-calcu-category_oi' is visible

2023-09-08 21:30:37 - [TEST_STEP][PASSED] - verifyElementVisible(findTestObject("Category/Office and Industry/txt_product-title-calcu-category_oi"), 0): Element 'Object Repository/Category/Office and Industry/txt_product-title-calcu-category_oi' is visible

2023-09-08 21:30:37 - [MESSAGE][WARNING] - Timeout '0' is invalid. Using default page load timeout: '30'

2023-09-08 21:30:37 - [MESSAGE][PASSED] - Element 'Object Repository/Category/Office and Industry/txt_product-title-calcu-category_oi' is visible

2023-09-08 21:30:37 - [TEST_STEP][PASSED] - verifyElementVisible(findTestObject("Category/Office and Industry/btn_add-product-calcu-category_oi"), 0): Element 'Object Repository/Category/Office and Industry/btn_add-product-calcu-category_oi' is visible

2023-09-08 21:30:37 - [MESSAGE][WARNING] - Timeout '0' is invalid. Using default page load timeout: '30'

2023-09-08 21:30:38 - [MESSAGE][PASSED] - Element 'Object Repository/Category/Office and Industry/btn_add-product-calcu-category_oi' is visible

2023-09-08 21:30:38 - [TEST_STEP][PASSED] - verifyElementVisible(findTestObject("Category/Office and Industry/btn-cancel-product-calcu-category_oi"), 0): Element 'Object Repository/Category/Office and Industry/btn-cancel-product-calcu-category_oi' is visible

2023-09-08 21:30:38 - [MESSAGE][WARNING] - Timeout '0' is invalid. Using default page load timeout: '30'

2023-09-08 21:30:38 - [MESSAGE][PASSED] - Element 'Object Repository/Category/Office and Industry/btn-cancel-product-calcu-category_oi' is visible

2023-09-08 21:30:38 - [TEST_STEP][PASSED] - setText(findTestObject("Category/Office and Industry/input_product-calcu-category_oi"), "15", 5): Text '15' has been set to element 'Object Repository/Category/Office and Industry/input_product-calcu-category_oi'

2023-09-08 21:30:39 - [MESSAGE][PASSED] - Text '15' has been set to element 'Object Repository/Category/Office and Industry/input_product-calcu-category_oi'

2023-09-08 21:30:39 - [TEST_STEP][PASSED] - tap(findTestObject("Category/Office and Industry/btn_add-product-calcu-category_oi"), 0): Tapped on element 'Object Repository/Category/Office and Industry/btn_add-product-calcu-category_oi'

2023-09-08 21:30:39 - [MESSAGE][WARNING] - Timeout '0' is invalid. Using default page load timeout: '30'

2023-09-08 21:30:39 - [MESSAGE][PASSED] - Tapped on element 'Object Repository/Category/Office and Industry/btn_add-product-calcu-category_oi'

2023-09-08 21:30:39 - [TEST_STEP][PASSED] - tap(findTestObject("Category/Office and Industry/btn_back-to-oi-category_oi"), 0): Tapped on element 'Object Repository/Category/Office and Industry/btn_back-to-oi-category_oi'

2023-09-08 21:30:39 - [MESSAGE][WARNING] - Timeout '0' is invalid. Using default page load timeout: '30'

2023-09-08 21:30:40 - [MESSAGE][PASSED] - Tapped on element 'Object Repository/Category/Office and Industry/btn_back-to-oi-category_oi'

2023-09-08 21:30:40 - [TEST_STEP][PASSED] - tap(findTestObject("Category/Fashions/btn-back-to-category-category_fashion"), 0): Tapped on element 'Object Repository/Category/Fashions/btn-back-to-category-category_fashion'

2023-09-08 21:30:40 - [MESSAGE][WARNING] - Timeout '0' is invalid. Using default page load timeout: '30'

2023-09-08 21:30:42 - [MESSAGE][PASSED] - Tapped on element 'Object Repository/Category/Fashions/btn-back-to-category-category_fashion'

2023-09-08 21:30:42 - [TEST_STEP][PASSED] - tap(findTestObject("Category/btn_home-furniture-category"), 0): Tapped on element 'Object Repository/Category/btn_home-furniture-category'

2023-09-08 21:30:42 - [MESSAGE][WARNING] - Timeout '0' is invalid. Using default page load timeout: '30'

2023-09-08 21:30:43 - [MESSAGE][PASSED] - Tapped on element 'Object Repository/Category/btn_home-furniture-category'

2023-09-08 21:30:43 - [TEST_STEP][PASSED] - tap(findTestObject("Category/Home and Furniture/btn_search-product-category_hf"), 0): Tapped on element 'Object Repository/Category/Home and Furniture/btn_search-product-category_hf'

2023-09-08 21:30:43 - [MESSAGE][WARNING] - Timeout '0' is invalid. Using default page load timeout: '30'

2023-09-08 21:30:45 - [MESSAGE][PASSED] - Tapped on element 'Object Repository/Category/Home and Furniture/btn_search-product-category_hf'

2023-09-08 21:30:45 - [TEST_STEP][PASSED] - setText(findTestObject("Category/Home and Furniture/input_search-product-hf_category"), "Hanger", 10): Text 'Hanger' has been set to element 'Object Repository/Category/Home and Furniture/input_search-product-hf_category'

2023-09-08 21:30:47 - [MESSAGE][PASSED] - Text 'Hanger' has been set to element 'Object Repository/Category/Home and Furniture/input_search-product-hf_category'

2023-09-08 21:30:47 - [TEST_STEP][PASSED] - tap(findTestObject("Category/Home and Furniture/btn_product-stand-hanger-category_hf"), 0): Tapped on element 'Object Repository/Category/Home and Furniture/btn_product-stand-hanger-category_hf'

2023-09-08 21:30:47 - [MESSAGE][WARNING] - Timeout '0' is invalid. Using default page load timeout: '30'

2023-09-08 21:30:48 - [MESSAGE][PASSED] - Tapped on element 'Object Repository/Category/Home and Furniture/btn_product-stand-hanger-category_hf'

2023-09-08 21:30:48 - [TEST_STEP][PASSED] - verifyElementVisible(findTestObject("Category/Home and Furniture/txt_product-title-stand-hanger-category_hf"), 0): Element 'Object Repository/Category/Home and Furniture/txt_product-title-stand-hanger-category_hf' is visible

2023-09-08 21:30:48 - [MESSAGE][WARNING] - Timeout '0' is invalid. Using default page load timeout: '30'

2023-09-08 21:30:49 - [MESSAGE][PASSED] - Element 'Object Repository/Category/Home and Furniture/txt_product-title-stand-hanger-category_hf' is visible

2023-09-08 21:30:49 - [TEST_STEP][PASSED] - verifyElementVisible(findTestObject("Category/Home and Furniture/txt_product-price-stand-hanger-category_hf"), 0): Element 'Object Repository/Category/Home and Furniture/txt_product-price-stand-hanger-category_hf' is visible

2023-09-08 21:30:49 - [MESSAGE][WARNING] - Timeout '0' is invalid. Using default page load timeout: '30'

2023-09-08 21:30:50 - [MESSAGE][PASSED] - Element 'Object Repository/Category/Home and Furniture/txt_product-price-stand-hanger-category_hf' is visible

2023-09-08 21:30:50 - [TEST_STEP][PASSED] - verifyElementVisible(findTestObject("Category/Home and Furniture/txt_product-count-stand-hanger-category_hf"), 0): Element 'Object Repository/Category/Home and Furniture/txt_product-count-stand-hanger-category_hf' is visible

2023-09-08 21:30:50 - [MESSAGE][WARNING] - Timeout '0' is invalid. Using default page load timeout: '30'

2023-09-08 21:30:50 - [MESSAGE][PASSED] - Element 'Object Repository/Category/Home and Furniture/txt_product-count-stand-hanger-category_hf' is visible

2023-09-08 21:30:50 - [TEST_STEP][PASSED] - verifyElementVisible(findTestObject("Category/Home and Furniture/btn_add-to-cart-category_hf"), 0): Element 'Object Repository/Category/Home and Furniture/btn_add-to-cart-category_hf' is visible

2023-09-08 21:30:50 - [MESSAGE][WARNING] - Timeout '0' is invalid. Using default page load timeout: '30'

2023-09-08 21:30:50 - [MESSAGE][PASSED] - Element 'Object Repository/Category/Home and Furniture/btn_add-to-cart-category_hf' is visible

2023-09-08 21:30:50 - [TEST_STEP][PASSED] - tap(findTestObject("Category/Home and Furniture/btn_add-to-cart-category_hf"), 0): Tapped on element 'Object Repository/Category/Home and Furniture/btn_add-to-cart-category_hf'

2023-09-08 21:30:50 - [MESSAGE][WARNING] - Timeout '0' is invalid. Using default page load timeout: '30'

2023-09-08 21:30:50 - [MESSAGE][PASSED] - Tapped on element 'Object Repository/Category/Home and Furniture/btn_add-to-cart-category_hf'

2023-09-08 21:30:50 - [TEST_STEP][PASSED] - verifyElementVisible(findTestObject("Category/Home and Furniture/card_product-stand-hanger-category_hf"), 0): Element 'Object Repository/Category/Home and Furniture/card_product-stand-hanger-category_hf' is visible

2023-09-08 21:30:50 - [MESSAGE][WARNING] - Timeout '0' is invalid. Using default page load timeout: '30'

2023-09-08 21:30:51 - [MESSAGE][PASSED] - Element 'Object Repository/Category/Home and Furniture/card_product-stand-hanger-category_hf' is visible

2023-09-08 21:30:51 - [TEST_STEP][PASSED] - verifyElementVisible(findTestObject("Category/Home and Furniture/txt_product-order-stand-hanger-category_hf"), 0): Element 'Object Repository/Category/Home and Furniture/txt_product-order-stand-hanger-category_hf' is visible

2023-09-08 21:30:51 - [MESSAGE][WARNING] - Timeout '0' is invalid. Using default page load timeout: '30'

2023-09-08 21:30:51 - [MESSAGE][PASSED] - Element 'Object Repository/Category/Home and Furniture/txt_product-order-stand-hanger-category_hf' is visible

2023-09-08 21:30:51 - [TEST_STEP][PASSED] - setText(findTestObject("Category/Home and Furniture/input_product-stand-hanger-category_hf"), "5", 10): Text '5' has been set to element 'Object Repository/Category/Home and Furniture/input_product-stand-hanger-category_hf'

2023-09-08 21:30:52 - [MESSAGE][PASSED] - Text '5' has been set to element 'Object Repository/Category/Home and Furniture/input_product-stand-hanger-category_hf'

2023-09-08 21:30:52 - [TEST_STEP][PASSED] - verifyElementVisible(findTestObject("Category/Home and Furniture/btn_add-product-stand-hanger-category_hf"), 0): Element 'Object Repository/Category/Home and Furniture/btn_add-product-stand-hanger-category_hf' is visible

2023-09-08 21:30:52 - [MESSAGE][WARNING] - Timeout '0' is invalid. Using default page load timeout: '30'

2023-09-08 21:30:53 - [MESSAGE][PASSED] - Element 'Object Repository/Category/Home and Furniture/btn_add-product-stand-hanger-category_hf' is visible

2023-09-08 21:30:53 - [TEST_STEP][PASSED] - verifyElementVisible(findTestObject("Category/Home and Furniture/btn_cancel-product-stand-hanger-category_hf"), 0): Element 'Object Repository/Category/Home and Furniture/btn_cancel-product-stand-hanger-category_hf' is visible

2023-09-08 21:30:53 - [MESSAGE][WARNING] - Timeout '0' is invalid. Using default page load timeout: '30'

2023-09-08 21:30:53 - [MESSAGE][PASSED] - Element 'Object Repository/Category/Home and Furniture/btn_cancel-product-stand-hanger-category_hf' is visible

2023-09-08 21:30:53 - [TEST_STEP][PASSED] - tap(findTestObject("Category/Home and Furniture/btn_add-product-stand-hanger-category_hf"), 0): Tapped on element 'Object Repository/Category/Home and Furniture/btn_add-product-stand-hanger-category_hf'

2023-09-08 21:30:53 - [MESSAGE][WARNING] - Timeout '0' is invalid. Using default page load timeout: '30'

2023-09-08 21:30:53 - [MESSAGE][PASSED] - Tapped on element 'Object Repository/Category/Home and Furniture/btn_add-product-stand-hanger-category_hf'

2023-09-08 21:30:53 - [TEST_STEP][PASSED] - tap(findTestObject("Category/Home and Furniture/btn_back-to-hf-category_hf"), 0): Tapped on element 'Object Repository/Category/Home and Furniture/btn_back-to-hf-category_hf'

2023-09-08 21:30:53 - [MESSAGE][WARNING] - Timeout '0' is invalid. Using default page load timeout: '30'

2023-09-08 21:30:54 - [MESSAGE][PASSED] - Tapped on element 'Object Repository/Category/Home and Furniture/btn_back-to-hf-category_hf'

2023-09-08 21:30:54 - [TEST_STEP][PASSED] - tap(findTestObject("Category/Home and Furniture/btn_back-to-category-category_hf"), 0): Tapped on element 'Object Repository/Category/Home and Furniture/btn_back-to-category-category_hf'

2023-09-08 21:30:54 - [MESSAGE][WARNING] - Timeout '0' is invalid. Using default page load timeout: '30'

2023-09-08 21:30:56 - [MESSAGE][PASSED] - Tapped on element 'Object Repository/Category/Home and Furniture/btn_back-to-category-category_hf'

2023-09-08 21:30:56 - [TEST_STEP][PASSED] - tap(findTestObject("Category/Home and Furniture/btn_back-category-category_hf"), 0): Tapped on element 'Object Repository/Category/Home and Furniture/btn_back-category-category_hf'

2023-09-08 21:30:56 - [MESSAGE][WARNING] - Timeout '0' is invalid. Using default page load timeout: '30'

2023-09-08 21:30:56 - [MESSAGE][PASSED] - Tapped on element 'Object Repository/Category/Home and Furniture/btn_back-category-category_hf']]></system-out>
         <system-err><![CDATA[]]></system-err>
      </testcase>
      <system-out><![CDATA[2023-09-08 21:29:49 - [TEST_SUITE][PASSED] - TS3_Category: Test Cases/TC_Category/TC2_Order-Search-Product-From-Category]]></system-out>
      <system-err><![CDATA[]]></system-err>
   </testsuite>
</testsuites>
