<?xml version="1.0" encoding="UTF-8"?>
<testsuites name="TS2_Cart" time="54.252" tests="2" failures="0" errors="0">
   <testsuite name="TS2_Cart" tests="2" failures="0" errors="0" time="54.252" skipped="0" timestamp="2023-09-08 11:26:30" hostname="Najwa - LAPTOP-TSBSMC4J.local" id="Test Suites/Cart/TS2_Cart">
      <properties>
         <property name="deviceName" value="emulator-5554 (sdk_gphone_x86 - Android 11)"/>
         <property name="devicePlatform" value=""/>
         <property name="logFolder" value="D:\\4 -- QA Automation\\Hacktiv8\\Assignment 3\\Mobile Testing\\Katalon\\Katalon-Mobile-Testing\\Reports\\20230908_112627\\Cart\\TS2_Cart\\20230908_112627"/>
         <property name="logFiles" value="D:\\4 -- QA Automation\\Hacktiv8\\Assignment 3\\Mobile Testing\\Katalon\\Katalon-Mobile-Testing\\Reports\\20230908_112627\\Cart\\TS2_Cart\\20230908_112627\\appium.log, D:\\4 -- QA Automation\\Hacktiv8\\Assignment 3\\Mobile Testing\\Katalon\\Katalon-Mobile-Testing\\Reports\\20230908_112627\\Cart\\TS2_Cart\\20230908_112627\\execution0.log"/>
         <property name="attachments" value=""/>
         <property name="hostName" value="Najwa - LAPTOP-TSBSMC4J.local"/>
         <property name="os" value="Windows 11 64bit"/>
         <property name="appiumServerStatus" value="{&quot;value&quot;:{&quot;build&quot;:{&quot;version&quot;:&quot;1.22.3&quot;}},&quot;sessionId&quot;:null,&quot;status&quot;:0}"/>
         <property name="katalonVersion" value="8.6.5.208"/>
         <property name="deviceOS" value="Android"/>
         <property name="appiumVersion" value="1.22.3"/>
         <property name="deviceModel" value="sdk_gphone_x86"/>
         <property name="hostAddress" value="192.168.1.5"/>
         <property name="deviceManufacturer" value="Google"/>
         <property name="deviceId" value="emulator-5554"/>
         <property name="deviceName" value="emulator-5554 (sdk_gphone_x86 - Android 11)"/>
         <property name="deviceOSVersion" value="11"/>
      </properties>
      <testcase name="Test Cases/TC_Cart/TC1_Access-Empty-Cart" time="15.819" classname="Test Cases/TC_Cart/TC1_Access-Empty-Cart" status="PASSED">
         <system-out><![CDATA[2023-09-08 11:26:31 - [TEST_CASE][PASSED] - Test Cases/TC_Cart/TC1_Access-Empty-Cart: Test Cases/TC_Cart/TC1_Access-Empty-Cart

2023-09-08 11:26:31 - [TEST_STEP][PASSED] - callTestCase(findTestCase("Reusable-Test/TC0_Launch-Exist-App"), [:], STOP_ON_FAILURE): Call Test Case 'Test Cases/Reusable-Test/TC0_Launch-Exist-App' successfully

2023-09-08 11:26:31 - [TEST_CASE][PASSED] - Test Cases/Reusable-Test/TC0_Launch-Exist-App: Test Cases/Reusable-Test/TC0_Launch-Exist-App

2023-09-08 11:26:31 - [TEST_STEP][PASSED] - startExistingApplication(application_id, STOP_ON_FAILURE): Starting app with application ID: 'com.solodroid.solomerce'

2023-09-08 11:26:32 - [MESSAGE][INFO] - Detected NodeJS location: "C:\Program Files\nodejs\node.exe"

2023-09-08 11:26:34 - [MESSAGE][INFO] - Appium server started on port 51,165

2023-09-08 11:26:44 - [MESSAGE][PASSED] - Starting app with application ID: 'com.solodroid.solomerce'

2023-09-08 11:26:44 - [MESSAGE][PASSED] - Call Test Case 'Test Cases/Reusable-Test/TC0_Launch-Exist-App' successfully

2023-09-08 11:26:44 - [TEST_STEP][PASSED] - tap(findTestObject("Cart/btn_cart_home"), 0): Tapped on element 'Object Repository/Cart/btn_cart_home'

2023-09-08 11:26:44 - [MESSAGE][WARNING] - Timeout '0' is invalid. Using default page load timeout: '30'

2023-09-08 11:26:45 - [MESSAGE][PASSED] - Tapped on element 'Object Repository/Cart/btn_cart_home'

2023-09-08 11:26:45 - [TEST_STEP][PASSED] - verifyElementExist(findTestObject("Cart/Empty Cart/txt_empty-cart_cart"), 10): Element 'Object Repository/Cart/Empty Cart/txt_empty-cart_cart' is exist

2023-09-08 11:26:45 - [MESSAGE][PASSED] - Element 'Object Repository/Cart/Empty Cart/txt_empty-cart_cart' is exist

2023-09-08 11:26:45 - [TEST_STEP][PASSED] - verifyElementExist(findTestObject("Cart/Empty Cart/icon_shopping-bag_cart"), 10): Element 'Object Repository/Cart/Empty Cart/icon_shopping-bag_cart' is exist

2023-09-08 11:26:46 - [MESSAGE][PASSED] - Element 'Object Repository/Cart/Empty Cart/icon_shopping-bag_cart' is exist

2023-09-08 11:26:46 - [TEST_STEP][PASSED] - extractedContinueShopping = getText(findTestObject("Cart/Empty Cart/btn_continue-shopping_cart"), 0): Text of element 'Object Repository/Cart/Empty Cart/btn_continue-shopping_cart' is: 'CONTINUE SHOPPING'

2023-09-08 11:26:46 - [MESSAGE][WARNING] - Timeout '0' is invalid. Using default page load timeout: '30'

2023-09-08 11:26:46 - [MESSAGE][PASSED] - Text of element 'Object Repository/Cart/Empty Cart/btn_continue-shopping_cart' is: 'CONTINUE SHOPPING'

2023-09-08 11:26:46 - [TEST_STEP][PASSED] - verifyEqual(extractedContinueShopping, "CONTINUE SHOPPING"): Actual object 'CONTINUE SHOPPING' and expected object 'CONTINUE SHOPPING' are equal

2023-09-08 11:26:46 - [MESSAGE][PASSED] - Actual object 'CONTINUE SHOPPING' and expected object 'CONTINUE SHOPPING' are equal

2023-09-08 11:26:46 - [TEST_STEP][PASSED] - verifyElementExist(findTestObject("Cart/Empty Cart/btn_continue-shopping_cart"), 10): Element 'Object Repository/Cart/Empty Cart/btn_continue-shopping_cart' is exist

2023-09-08 11:26:46 - [MESSAGE][PASSED] - Element 'Object Repository/Cart/Empty Cart/btn_continue-shopping_cart' is exist

2023-09-08 11:26:46 - [TEST_STEP][PASSED] - tap(findTestObject("Cart/btn_continue-shopping_cart"), 0): Tapped on element 'Object Repository/Cart/btn_continue-shopping_cart'

2023-09-08 11:26:46 - [MESSAGE][WARNING] - Timeout '0' is invalid. Using default page load timeout: '30'

2023-09-08 11:26:46 - [MESSAGE][PASSED] - Tapped on element 'Object Repository/Cart/btn_continue-shopping_cart']]></system-out>
         <system-err><![CDATA[]]></system-err>
      </testcase>
      <testcase name="Test Cases/TC_Cart/TC2_Order-Product" time="38.162" classname="Test Cases/TC_Cart/TC2_Order-Product" status="PASSED">
         <system-out><![CDATA[2023-09-08 11:26:46 - [TEST_CASE][PASSED] - Test Cases/TC_Cart/TC2_Order-Product: Test Cases/TC_Cart/TC2_Order-Product

2023-09-08 11:26:47 - [TEST_STEP][PASSED] - callTestCase(findTestCase("TC_Cart/TC1_Access-Empty-Cart"), [:], STOP_ON_FAILURE): Call Test Case 'Test Cases/TC_Cart/TC1_Access-Empty-Cart' successfully

2023-09-08 11:26:47 - [TEST_CASE][PASSED] - Test Cases/TC_Cart/TC1_Access-Empty-Cart: Test Cases/TC_Cart/TC1_Access-Empty-Cart

2023-09-08 11:26:47 - [TEST_STEP][PASSED] - callTestCase(findTestCase("Reusable-Test/TC0_Launch-Exist-App"), [:], STOP_ON_FAILURE): Call Test Case 'Test Cases/Reusable-Test/TC0_Launch-Exist-App' successfully

2023-09-08 11:26:47 - [TEST_CASE][PASSED] - Test Cases/Reusable-Test/TC0_Launch-Exist-App: Test Cases/Reusable-Test/TC0_Launch-Exist-App

2023-09-08 11:26:47 - [TEST_STEP][PASSED] - startExistingApplication(application_id, STOP_ON_FAILURE): Starting app with application ID: 'com.solodroid.solomerce'

2023-09-08 11:26:54 - [MESSAGE][PASSED] - Starting app with application ID: 'com.solodroid.solomerce'

2023-09-08 11:26:54 - [MESSAGE][PASSED] - Call Test Case 'Test Cases/Reusable-Test/TC0_Launch-Exist-App' successfully

2023-09-08 11:26:54 - [TEST_STEP][PASSED] - tap(findTestObject("Cart/btn_cart_home"), 0): Tapped on element 'Object Repository/Cart/btn_cart_home'

2023-09-08 11:26:54 - [MESSAGE][WARNING] - Timeout '0' is invalid. Using default page load timeout: '30'

2023-09-08 11:26:55 - [MESSAGE][PASSED] - Tapped on element 'Object Repository/Cart/btn_cart_home'

2023-09-08 11:26:55 - [TEST_STEP][PASSED] - verifyElementExist(findTestObject("Cart/Empty Cart/txt_empty-cart_cart"), 10): Element 'Object Repository/Cart/Empty Cart/txt_empty-cart_cart' is exist

2023-09-08 11:26:55 - [MESSAGE][PASSED] - Element 'Object Repository/Cart/Empty Cart/txt_empty-cart_cart' is exist

2023-09-08 11:26:55 - [TEST_STEP][PASSED] - verifyElementExist(findTestObject("Cart/Empty Cart/icon_shopping-bag_cart"), 10): Element 'Object Repository/Cart/Empty Cart/icon_shopping-bag_cart' is exist

2023-09-08 11:26:56 - [MESSAGE][PASSED] - Element 'Object Repository/Cart/Empty Cart/icon_shopping-bag_cart' is exist

2023-09-08 11:26:56 - [TEST_STEP][PASSED] - extractedContinueShopping = getText(findTestObject("Cart/Empty Cart/btn_continue-shopping_cart"), 0): Text of element 'Object Repository/Cart/Empty Cart/btn_continue-shopping_cart' is: 'CONTINUE SHOPPING'

2023-09-08 11:26:56 - [MESSAGE][WARNING] - Timeout '0' is invalid. Using default page load timeout: '30'

2023-09-08 11:26:56 - [MESSAGE][PASSED] - Text of element 'Object Repository/Cart/Empty Cart/btn_continue-shopping_cart' is: 'CONTINUE SHOPPING'

2023-09-08 11:26:56 - [TEST_STEP][PASSED] - verifyEqual(extractedContinueShopping, "CONTINUE SHOPPING"): Actual object 'CONTINUE SHOPPING' and expected object 'CONTINUE SHOPPING' are equal

2023-09-08 11:26:56 - [MESSAGE][PASSED] - Actual object 'CONTINUE SHOPPING' and expected object 'CONTINUE SHOPPING' are equal

2023-09-08 11:26:56 - [TEST_STEP][PASSED] - verifyElementExist(findTestObject("Cart/Empty Cart/btn_continue-shopping_cart"), 10): Element 'Object Repository/Cart/Empty Cart/btn_continue-shopping_cart' is exist

2023-09-08 11:26:56 - [MESSAGE][PASSED] - Element 'Object Repository/Cart/Empty Cart/btn_continue-shopping_cart' is exist

2023-09-08 11:26:56 - [TEST_STEP][PASSED] - tap(findTestObject("Cart/btn_continue-shopping_cart"), 0): Tapped on element 'Object Repository/Cart/btn_continue-shopping_cart'

2023-09-08 11:26:56 - [MESSAGE][WARNING] - Timeout '0' is invalid. Using default page load timeout: '30'

2023-09-08 11:26:56 - [MESSAGE][PASSED] - Tapped on element 'Object Repository/Cart/btn_continue-shopping_cart'

2023-09-08 11:26:56 - [MESSAGE][PASSED] - Call Test Case 'Test Cases/TC_Cart/TC1_Access-Empty-Cart' successfully

2023-09-08 11:26:56 - [TEST_STEP][PASSED] - tap(findTestObject("Home Shopping/btn_samsung-galaxy_home-shopping"), 0): Tapped on element 'Object Repository/Home Shopping/btn_samsung-galaxy_home-shopping'

2023-09-08 11:26:56 - [MESSAGE][WARNING] - Timeout '0' is invalid. Using default page load timeout: '30'

2023-09-08 11:26:59 - [MESSAGE][PASSED] - Tapped on element 'Object Repository/Home Shopping/btn_samsung-galaxy_home-shopping'

2023-09-08 11:26:59 - [TEST_STEP][PASSED] - verifyElementVisible(findTestObject("Home Shopping/Samsung Galaxy S10/txt_product-title-samsung-s10_home-shopping"), 0): Element 'Object Repository/Home Shopping/Samsung Galaxy S10/txt_product-title-samsung-s10_home-shopping' is visible

2023-09-08 11:26:59 - [MESSAGE][WARNING] - Timeout '0' is invalid. Using default page load timeout: '30'

2023-09-08 11:27:00 - [MESSAGE][PASSED] - Element 'Object Repository/Home Shopping/Samsung Galaxy S10/txt_product-title-samsung-s10_home-shopping' is visible

2023-09-08 11:27:00 - [TEST_STEP][PASSED] - verifyElementVisible(findTestObject("Home Shopping/Samsung Galaxy S10/txt_product-price-samsung-899usd-cart"), 0): Element 'Object Repository/Home Shopping/Samsung Galaxy S10/txt_product-price-samsung-899usd-cart' is visible

2023-09-08 11:27:00 - [MESSAGE][WARNING] - Timeout '0' is invalid. Using default page load timeout: '30'

2023-09-08 11:27:00 - [MESSAGE][PASSED] - Element 'Object Repository/Home Shopping/Samsung Galaxy S10/txt_product-price-samsung-899usd-cart' is visible

2023-09-08 11:27:00 - [TEST_STEP][PASSED] - verifyElementVisible(findTestObject("Home Shopping/Samsung Galaxy S10/txt_product-stock-samsung-5items-cart"), 0): Element 'Object Repository/Home Shopping/Samsung Galaxy S10/txt_product-stock-samsung-5items-cart' is visible

2023-09-08 11:27:00 - [MESSAGE][WARNING] - Timeout '0' is invalid. Using default page load timeout: '30'

2023-09-08 11:27:00 - [MESSAGE][PASSED] - Element 'Object Repository/Home Shopping/Samsung Galaxy S10/txt_product-stock-samsung-5items-cart' is visible

2023-09-08 11:27:00 - [TEST_STEP][PASSED] - tap(findTestObject("Home Shopping/Samsung Galaxy S10/btn_product-add-cart_home-shopping"), 0): Tapped on element 'Object Repository/Home Shopping/Samsung Galaxy S10/btn_product-add-cart_home-shopping'

2023-09-08 11:27:00 - [MESSAGE][WARNING] - Timeout '0' is invalid. Using default page load timeout: '30'

2023-09-08 11:27:01 - [MESSAGE][PASSED] - Tapped on element 'Object Repository/Home Shopping/Samsung Galaxy S10/btn_product-add-cart_home-shopping'

2023-09-08 11:27:01 - [TEST_STEP][PASSED] - verifyElementVisible(findTestObject("Home Shopping/Samsung Galaxy S10/card_product-order-samsung-s10-home_shopping"), 0): Element 'Object Repository/Home Shopping/Samsung Galaxy S10/card_product-order-samsung-s10-home_shopping' is visible

2023-09-08 11:27:01 - [MESSAGE][WARNING] - Timeout '0' is invalid. Using default page load timeout: '30'

2023-09-08 11:27:02 - [MESSAGE][PASSED] - Element 'Object Repository/Home Shopping/Samsung Galaxy S10/card_product-order-samsung-s10-home_shopping' is visible

2023-09-08 11:27:02 - [TEST_STEP][PASSED] - setText(findTestObject("Home Shopping/Samsung Galaxy S10/input_product-order-samsung-s10-home_shopping"), "5", 0): Text '5' has been set to element 'Object Repository/Home Shopping/Samsung Galaxy S10/input_product-order-samsung-s10-home_shopping'

2023-09-08 11:27:02 - [MESSAGE][WARNING] - Timeout '0' is invalid. Using default page load timeout: '30'

2023-09-08 11:27:03 - [MESSAGE][PASSED] - Text '5' has been set to element 'Object Repository/Home Shopping/Samsung Galaxy S10/input_product-order-samsung-s10-home_shopping'

2023-09-08 11:27:03 - [TEST_STEP][PASSED] - tap(findTestObject("Home Shopping/Samsung Galaxy S10/btn_product-add-order-samsung-s10_home-shopping"), 0): Tapped on element 'Object Repository/Home Shopping/Samsung Galaxy S10/btn_product-add-order-samsung-s10_home-shopping'

2023-09-08 11:27:03 - [MESSAGE][WARNING] - Timeout '0' is invalid. Using default page load timeout: '30'

2023-09-08 11:27:03 - [MESSAGE][PASSED] - Tapped on element 'Object Repository/Home Shopping/Samsung Galaxy S10/btn_product-add-order-samsung-s10_home-shopping'

2023-09-08 11:27:03 - [TEST_STEP][PASSED] - tap(findTestObject("Home Shopping/Samsung Galaxy S10/btn_product-cart-home_shopping"), 0): Tapped on element 'Object Repository/Home Shopping/Samsung Galaxy S10/btn_product-cart-home_shopping'

2023-09-08 11:27:03 - [MESSAGE][WARNING] - Timeout '0' is invalid. Using default page load timeout: '30'

2023-09-08 11:27:04 - [MESSAGE][PASSED] - Tapped on element 'Object Repository/Home Shopping/Samsung Galaxy S10/btn_product-cart-home_shopping'

2023-09-08 11:27:04 - [TEST_STEP][PASSED] - verifyElementVisible(findTestObject("Cart/Checkout/txt_title-shopping-cart_cart"), 0): Element 'Object Repository/Cart/Checkout/txt_title-shopping-cart_cart' is visible

2023-09-08 11:27:04 - [MESSAGE][WARNING] - Timeout '0' is invalid. Using default page load timeout: '30'

2023-09-08 11:27:05 - [MESSAGE][PASSED] - Element 'Object Repository/Cart/Checkout/txt_title-shopping-cart_cart' is visible

2023-09-08 11:27:05 - [TEST_STEP][PASSED] - verifyElementVisible(findTestObject("Cart/btn_back-to-home-cart"), 0): Element 'Object Repository/Cart/btn_back-to-home-cart' is visible

2023-09-08 11:27:05 - [MESSAGE][WARNING] - Timeout '0' is invalid. Using default page load timeout: '30'

2023-09-08 11:27:05 - [MESSAGE][PASSED] - Element 'Object Repository/Cart/btn_back-to-home-cart' is visible

2023-09-08 11:27:05 - [TEST_STEP][PASSED] - verifyElementVisible(findTestObject("Cart/btn_delete-all-items-cart"), 0): Element 'Object Repository/Cart/btn_delete-all-items-cart' is visible

2023-09-08 11:27:05 - [MESSAGE][WARNING] - Timeout '0' is invalid. Using default page load timeout: '30'

2023-09-08 11:27:05 - [MESSAGE][PASSED] - Element 'Object Repository/Cart/btn_delete-all-items-cart' is visible

2023-09-08 11:27:05 - [TEST_STEP][PASSED] - verifyElementVisible(findTestObject("Cart/Checkout/list_of-products-shooping-cart_cart"), 0): Element 'Object Repository/Cart/Checkout/list_of-products-shooping-cart_cart' is visible

2023-09-08 11:27:05 - [MESSAGE][WARNING] - Timeout '0' is invalid. Using default page load timeout: '30'

2023-09-08 11:27:05 - [MESSAGE][PASSED] - Element 'Object Repository/Cart/Checkout/list_of-products-shooping-cart_cart' is visible

2023-09-08 11:27:05 - [TEST_STEP][PASSED] - verifyElementVisible(findTestObject("Cart/Checkout/image_product-samsung-shopping-cart_cart"), 0): Element 'Object Repository/Cart/Checkout/image_product-samsung-shopping-cart_cart' is visible

2023-09-08 11:27:05 - [MESSAGE][WARNING] - Timeout '0' is invalid. Using default page load timeout: '30'

2023-09-08 11:27:05 - [MESSAGE][PASSED] - Element 'Object Repository/Cart/Checkout/image_product-samsung-shopping-cart_cart' is visible

2023-09-08 11:27:05 - [TEST_STEP][PASSED] - verifyElementVisible(findTestObject("Cart/Checkout/txt_product-title-samsung-shopping-cart_cart"), 0): Element 'Object Repository/Cart/Checkout/txt_product-title-samsung-shopping-cart_cart' is visible

2023-09-08 11:27:06 - [MESSAGE][WARNING] - Timeout '0' is invalid. Using default page load timeout: '30'

2023-09-08 11:27:06 - [MESSAGE][PASSED] - Element 'Object Repository/Cart/Checkout/txt_product-title-samsung-shopping-cart_cart' is visible

2023-09-08 11:27:06 - [TEST_STEP][PASSED] - verifyElementVisible(findTestObject("Cart/Checkout/txt_product-price-4.495usd-samsung-shopping-cart"), 0): Element 'Object Repository/Cart/Checkout/txt_product-price-4.495usd-samsung-shopping-cart' is visible

2023-09-08 11:27:06 - [MESSAGE][WARNING] - Timeout '0' is invalid. Using default page load timeout: '30'

2023-09-08 11:27:06 - [MESSAGE][PASSED] - Element 'Object Repository/Cart/Checkout/txt_product-price-4.495usd-samsung-shopping-cart' is visible

2023-09-08 11:27:06 - [TEST_STEP][PASSED] - verifyElementVisible(findTestObject("Cart/Checkout/txt_product-count-899usdx5-samsung-shopping-cart"), 0): Element 'Object Repository/Cart/Checkout/txt_product-count-899usdx5-samsung-shopping-cart' is visible

2023-09-08 11:27:06 - [MESSAGE][WARNING] - Timeout '0' is invalid. Using default page load timeout: '30'

2023-09-08 11:27:06 - [MESSAGE][PASSED] - Element 'Object Repository/Cart/Checkout/txt_product-count-899usdx5-samsung-shopping-cart' is visible

2023-09-08 11:27:06 - [TEST_STEP][PASSED] - verifyElementVisible(findTestObject("Cart/Checkout/txt_tax10-shopping-cart_cart"), 0): Element 'Object Repository/Cart/Checkout/txt_tax10-shopping-cart_cart' is visible

2023-09-08 11:27:06 - [MESSAGE][WARNING] - Timeout '0' is invalid. Using default page load timeout: '30'

2023-09-08 11:27:06 - [MESSAGE][PASSED] - Element 'Object Repository/Cart/Checkout/txt_tax10-shopping-cart_cart' is visible

2023-09-08 11:27:06 - [TEST_STEP][PASSED] - verifyElementVisible(findTestObject("Cart/Checkout/txt_total-price-shopping-cart_cart"), 0): Element 'Object Repository/Cart/Checkout/txt_total-price-shopping-cart_cart' is visible

2023-09-08 11:27:06 - [MESSAGE][WARNING] - Timeout '0' is invalid. Using default page load timeout: '30'

2023-09-08 11:27:06 - [MESSAGE][PASSED] - Element 'Object Repository/Cart/Checkout/txt_total-price-shopping-cart_cart' is visible

2023-09-08 11:27:06 - [TEST_STEP][PASSED] - verifyElementVisible(findTestObject("Cart/Checkout/btn_checkout-shopping-cart_cart"), 0): Element 'Object Repository/Cart/Checkout/btn_checkout-shopping-cart_cart' is visible

2023-09-08 11:27:06 - [MESSAGE][WARNING] - Timeout '0' is invalid. Using default page load timeout: '30'

2023-09-08 11:27:06 - [MESSAGE][PASSED] - Element 'Object Repository/Cart/Checkout/btn_checkout-shopping-cart_cart' is visible

2023-09-08 11:27:06 - [TEST_STEP][PASSED] - tap(findTestObject("Cart/btn_checkout-product-cart"), 0): Tapped on element 'Object Repository/Cart/btn_checkout-product-cart'

2023-09-08 11:27:06 - [MESSAGE][WARNING] - Timeout '0' is invalid. Using default page load timeout: '30'

2023-09-08 11:27:07 - [MESSAGE][PASSED] - Tapped on element 'Object Repository/Cart/btn_checkout-product-cart'

2023-09-08 11:27:07 - [TEST_STEP][PASSED] - verifyElementVisible(findTestObject("Cart/Checkout/Checkout Form/txt_titile-checkout-page_checkout"), 0): Element 'Object Repository/Cart/Checkout/Checkout Form/txt_titile-checkout-page_checkout' is visible

2023-09-08 11:27:07 - [MESSAGE][WARNING] - Timeout '0' is invalid. Using default page load timeout: '30'

2023-09-08 11:27:08 - [MESSAGE][PASSED] - Element 'Object Repository/Cart/Checkout/Checkout Form/txt_titile-checkout-page_checkout' is visible

2023-09-08 11:27:08 - [TEST_STEP][PASSED] - verifyElementVisible(findTestObject("Cart/btn_back-to-home-cart"), 0): Element 'Object Repository/Cart/btn_back-to-home-cart' is visible

2023-09-08 11:27:08 - [MESSAGE][WARNING] - Timeout '0' is invalid. Using default page load timeout: '30'

2023-09-08 11:27:08 - [MESSAGE][PASSED] - Element 'Object Repository/Cart/btn_back-to-home-cart' is visible

2023-09-08 11:27:08 - [TEST_STEP][PASSED] - verifyElementVisible(findTestObject("Cart/Checkout/Checkout Form/input_name-form_checkout"), 0): Element 'Object Repository/Cart/Checkout/Checkout Form/input_name-form_checkout' is visible

2023-09-08 11:27:08 - [MESSAGE][WARNING] - Timeout '0' is invalid. Using default page load timeout: '30'

2023-09-08 11:27:08 - [MESSAGE][PASSED] - Element 'Object Repository/Cart/Checkout/Checkout Form/input_name-form_checkout' is visible

2023-09-08 11:27:08 - [TEST_STEP][PASSED] - verifyElementVisible(findTestObject("Cart/Checkout/Checkout Form/input_email-form_checkout"), 0): Element 'Object Repository/Cart/Checkout/Checkout Form/input_email-form_checkout' is visible

2023-09-08 11:27:08 - [MESSAGE][WARNING] - Timeout '0' is invalid. Using default page load timeout: '30'

2023-09-08 11:27:08 - [MESSAGE][PASSED] - Element 'Object Repository/Cart/Checkout/Checkout Form/input_email-form_checkout' is visible

2023-09-08 11:27:08 - [TEST_STEP][PASSED] - verifyElementVisible(findTestObject("Cart/Checkout/Checkout Form/input_pn-form_checkout"), 0): Element 'Object Repository/Cart/Checkout/Checkout Form/input_pn-form_checkout' is visible

2023-09-08 11:27:08 - [MESSAGE][WARNING] - Timeout '0' is invalid. Using default page load timeout: '30'

2023-09-08 11:27:08 - [MESSAGE][PASSED] - Element 'Object Repository/Cart/Checkout/Checkout Form/input_pn-form_checkout' is visible

2023-09-08 11:27:08 - [TEST_STEP][PASSED] - verifyElementVisible(findTestObject("Cart/Checkout/Checkout Form/input_address-form_checkout"), 0): Element 'Object Repository/Cart/Checkout/Checkout Form/input_address-form_checkout' is visible

2023-09-08 11:27:08 - [MESSAGE][WARNING] - Timeout '0' is invalid. Using default page load timeout: '30'

2023-09-08 11:27:08 - [MESSAGE][PASSED] - Element 'Object Repository/Cart/Checkout/Checkout Form/input_address-form_checkout' is visible

2023-09-08 11:27:08 - [TEST_STEP][PASSED] - verifyElementVisible(findTestObject("Cart/Checkout/Checkout Form/input_shipping-form_checkout"), 0): Element 'Object Repository/Cart/Checkout/Checkout Form/input_shipping-form_checkout' is visible

2023-09-08 11:27:09 - [MESSAGE][WARNING] - Timeout '0' is invalid. Using default page load timeout: '30'

2023-09-08 11:27:09 - [MESSAGE][PASSED] - Element 'Object Repository/Cart/Checkout/Checkout Form/input_shipping-form_checkout' is visible

2023-09-08 11:27:09 - [TEST_STEP][PASSED] - tap(findTestObject("Cart/Checkout/Checkout Form/input_shipping-form_checkout"), 0): Tapped on element 'Object Repository/Cart/Checkout/Checkout Form/input_shipping-form_checkout'

2023-09-08 11:27:09 - [MESSAGE][WARNING] - Timeout '0' is invalid. Using default page load timeout: '30'

2023-09-08 11:27:10 - [MESSAGE][PASSED] - Tapped on element 'Object Repository/Cart/Checkout/Checkout Form/input_shipping-form_checkout'

2023-09-08 11:27:10 - [TEST_STEP][PASSED] - verifyElementVisible(findTestObject("Cart/Checkout/Checkout Form/input_list-shipping-tnt-form_checkout"), 0): Element 'Object Repository/Cart/Checkout/Checkout Form/input_list-shipping-tnt-form_checkout' is visible

2023-09-08 11:27:10 - [MESSAGE][WARNING] - Timeout '0' is invalid. Using default page load timeout: '30'

2023-09-08 11:27:10 - [MESSAGE][PASSED] - Element 'Object Repository/Cart/Checkout/Checkout Form/input_list-shipping-tnt-form_checkout' is visible

2023-09-08 11:27:10 - [TEST_STEP][PASSED] - verifyElementVisible(findTestObject("Cart/Checkout/Checkout Form/input_list-shipping-dhl-form_checkout"), 0): Element 'Object Repository/Cart/Checkout/Checkout Form/input_list-shipping-dhl-form_checkout' is visible

2023-09-08 11:27:10 - [MESSAGE][WARNING] - Timeout '0' is invalid. Using default page load timeout: '30'

2023-09-08 11:27:10 - [MESSAGE][PASSED] - Element 'Object Repository/Cart/Checkout/Checkout Form/input_list-shipping-dhl-form_checkout' is visible

2023-09-08 11:27:10 - [TEST_STEP][PASSED] - verifyElementVisible(findTestObject("Cart/Checkout/Checkout Form/input_list-shipping-fedex-form_checkout"), 0): Element 'Object Repository/Cart/Checkout/Checkout Form/input_list-shipping-fedex-form_checkout' is visible

2023-09-08 11:27:10 - [MESSAGE][WARNING] - Timeout '0' is invalid. Using default page load timeout: '30'

2023-09-08 11:27:10 - [MESSAGE][PASSED] - Element 'Object Repository/Cart/Checkout/Checkout Form/input_list-shipping-fedex-form_checkout' is visible

2023-09-08 11:27:10 - [TEST_STEP][PASSED] - verifyElementVisible(findTestObject("Cart/Checkout/Checkout Form/input_list-shipping-ups-form_checkout"), 0): Element 'Object Repository/Cart/Checkout/Checkout Form/input_list-shipping-ups-form_checkout' is visible

2023-09-08 11:27:10 - [MESSAGE][WARNING] - Timeout '0' is invalid. Using default page load timeout: '30'

2023-09-08 11:27:10 - [MESSAGE][PASSED] - Element 'Object Repository/Cart/Checkout/Checkout Form/input_list-shipping-ups-form_checkout' is visible

2023-09-08 11:27:10 - [TEST_STEP][PASSED] - verifyElementVisible(findTestObject("Cart/Checkout/Checkout Form/input_list-shipping-cod-form_checkout"), 0): Element 'Object Repository/Cart/Checkout/Checkout Form/input_list-shipping-cod-form_checkout' is visible

2023-09-08 11:27:10 - [MESSAGE][WARNING] - Timeout '0' is invalid. Using default page load timeout: '30'

2023-09-08 11:27:10 - [MESSAGE][PASSED] - Element 'Object Repository/Cart/Checkout/Checkout Form/input_list-shipping-cod-form_checkout' is visible

2023-09-08 11:27:10 - [TEST_STEP][PASSED] - verifyElementVisible(findTestObject("Cart/Checkout/Checkout Form/input_list-shipping-paypal-form_checkout"), 0): Element 'Object Repository/Cart/Checkout/Checkout Form/input_list-shipping-paypal-form_checkout' is visible

2023-09-08 11:27:10 - [MESSAGE][WARNING] - Timeout '0' is invalid. Using default page load timeout: '30'

2023-09-08 11:27:11 - [MESSAGE][PASSED] - Element 'Object Repository/Cart/Checkout/Checkout Form/input_list-shipping-paypal-form_checkout' is visible

2023-09-08 11:27:11 - [TEST_STEP][PASSED] - tap(findTestObject("Cart/Checkout/Checkout Form/input_list-shipping-dhl-form_checkout"), 0): Tapped on element 'Object Repository/Cart/Checkout/Checkout Form/input_list-shipping-dhl-form_checkout'

2023-09-08 11:27:11 - [MESSAGE][WARNING] - Timeout '0' is invalid. Using default page load timeout: '30'

2023-09-08 11:27:12 - [MESSAGE][PASSED] - Tapped on element 'Object Repository/Cart/Checkout/Checkout Form/input_list-shipping-dhl-form_checkout'

2023-09-08 11:27:12 - [TEST_STEP][PASSED] - scrollToText("Comment", STOP_ON_FAILURE): Scrolling to text 'Comment' successfully

2023-09-08 11:27:17 - [MESSAGE][PASSED] - Scrolling to text 'Comment' successfully

2023-09-08 11:27:17 - [TEST_STEP][PASSED] - verifyElementVisible(findTestObject("Cart/Checkout/Checkout Form/input_comment-form_checkout"), 0): Element 'Object Repository/Cart/Checkout/Checkout Form/input_comment-form_checkout' is visible

2023-09-08 11:27:17 - [MESSAGE][WARNING] - Timeout '0' is invalid. Using default page load timeout: '30'

2023-09-08 11:27:17 - [MESSAGE][PASSED] - Element 'Object Repository/Cart/Checkout/Checkout Form/input_comment-form_checkout' is visible

2023-09-08 11:27:17 - [TEST_STEP][PASSED] - tap(findTestObject("Cart/Checkout/Checkout Form/btn_process-checkout_checkout"), 0): Tapped on element 'Object Repository/Cart/Checkout/Checkout Form/btn_process-checkout_checkout'

2023-09-08 11:27:17 - [MESSAGE][WARNING] - Timeout '0' is invalid. Using default page load timeout: '30'

2023-09-08 11:27:17 - [MESSAGE][PASSED] - Tapped on element 'Object Repository/Cart/Checkout/Checkout Form/btn_process-checkout_checkout'

2023-09-08 11:27:17 - [TEST_STEP][PASSED] - verifyElementVisible(findTestObject("Cart/Checkout/Checkout Form/card_sure-checkout_checkout"), 0): Element 'Object Repository/Cart/Checkout/Checkout Form/card_sure-checkout_checkout' is visible

2023-09-08 11:27:17 - [MESSAGE][WARNING] - Timeout '0' is invalid. Using default page load timeout: '30'

2023-09-08 11:27:18 - [MESSAGE][PASSED] - Element 'Object Repository/Cart/Checkout/Checkout Form/card_sure-checkout_checkout' is visible

2023-09-08 11:27:18 - [TEST_STEP][PASSED] - verifyElementVisible(findTestObject("Cart/Checkout/Checkout Form/txt_title-process-checkout_checkout"), 0): Element 'Object Repository/Cart/Checkout/Checkout Form/txt_title-process-checkout_checkout' is visible

2023-09-08 11:27:18 - [MESSAGE][WARNING] - Timeout '0' is invalid. Using default page load timeout: '30'

2023-09-08 11:27:19 - [MESSAGE][PASSED] - Element 'Object Repository/Cart/Checkout/Checkout Form/txt_title-process-checkout_checkout' is visible

2023-09-08 11:27:19 - [TEST_STEP][PASSED] - verifyElementVisible(findTestObject("Cart/Checkout/Checkout Form/txt_sure-checkout_checkout"), 0): Element 'Object Repository/Cart/Checkout/Checkout Form/txt_sure-checkout_checkout' is visible

2023-09-08 11:27:19 - [MESSAGE][WARNING] - Timeout '0' is invalid. Using default page load timeout: '30'

2023-09-08 11:27:19 - [MESSAGE][PASSED] - Element 'Object Repository/Cart/Checkout/Checkout Form/txt_sure-checkout_checkout' is visible

2023-09-08 11:27:19 - [TEST_STEP][PASSED] - verifyElementVisible(findTestObject("Cart/Checkout/Checkout Form/btn_yes-checkout_checkout"), 0): Element 'Object Repository/Cart/Checkout/Checkout Form/btn_yes-checkout_checkout' is visible

2023-09-08 11:27:19 - [MESSAGE][WARNING] - Timeout '0' is invalid. Using default page load timeout: '30'

2023-09-08 11:27:19 - [MESSAGE][PASSED] - Element 'Object Repository/Cart/Checkout/Checkout Form/btn_yes-checkout_checkout' is visible

2023-09-08 11:27:19 - [TEST_STEP][PASSED] - verifyElementVisible(findTestObject("Cart/Checkout/Checkout Form/btn_no-checkout_checkout"), 0): Element 'Object Repository/Cart/Checkout/Checkout Form/btn_no-checkout_checkout' is visible

2023-09-08 11:27:19 - [MESSAGE][WARNING] - Timeout '0' is invalid. Using default page load timeout: '30'

2023-09-08 11:27:19 - [MESSAGE][PASSED] - Element 'Object Repository/Cart/Checkout/Checkout Form/btn_no-checkout_checkout' is visible

2023-09-08 11:27:19 - [TEST_STEP][PASSED] - tap(findTestObject("Cart/Checkout/Checkout Form/btn_yes-checkout_checkout"), 0): Tapped on element 'Object Repository/Cart/Checkout/Checkout Form/btn_yes-checkout_checkout'

2023-09-08 11:27:19 - [MESSAGE][WARNING] - Timeout '0' is invalid. Using default page load timeout: '30'

2023-09-08 11:27:19 - [MESSAGE][PASSED] - Tapped on element 'Object Repository/Cart/Checkout/Checkout Form/btn_yes-checkout_checkout'

2023-09-08 11:27:19 - [TEST_STEP][PASSED] - verifyElementVisible(findTestObject("Cart/Checkout/Checkout Form/card_success-checkout_checkout"), 0): Element 'Object Repository/Cart/Checkout/Checkout Form/card_success-checkout_checkout' is visible

2023-09-08 11:27:19 - [MESSAGE][WARNING] - Timeout '0' is invalid. Using default page load timeout: '30'

2023-09-08 11:27:20 - [MESSAGE][PASSED] - Element 'Object Repository/Cart/Checkout/Checkout Form/card_success-checkout_checkout' is visible

2023-09-08 11:27:20 - [TEST_STEP][PASSED] - verifyElementVisible(findTestObject("Cart/Checkout/Checkout Form/txt_congratulation-checkout_checkout"), 0): Element 'Object Repository/Cart/Checkout/Checkout Form/txt_congratulation-checkout_checkout' is visible

2023-09-08 11:27:20 - [MESSAGE][WARNING] - Timeout '0' is invalid. Using default page load timeout: '30'

2023-09-08 11:27:20 - [MESSAGE][PASSED] - Element 'Object Repository/Cart/Checkout/Checkout Form/txt_congratulation-checkout_checkout' is visible

2023-09-08 11:27:20 - [TEST_STEP][PASSED] - verifyElementVisible(findTestObject("Cart/Checkout/Checkout Form/tx_thanks-order-checkout_checkout"), 0): Element 'Object Repository/Cart/Checkout/Checkout Form/tx_thanks-order-checkout_checkout' is visible

2023-09-08 11:27:20 - [MESSAGE][WARNING] - Timeout '0' is invalid. Using default page load timeout: '30'

2023-09-08 11:27:20 - [MESSAGE][PASSED] - Element 'Object Repository/Cart/Checkout/Checkout Form/tx_thanks-order-checkout_checkout' is visible

2023-09-08 11:27:20 - [TEST_STEP][PASSED] - tap(findTestObject("Cart/Checkout/Checkout Form/btn_ok-success-checkout_checkout"), 0): Tapped on element 'Object Repository/Cart/Checkout/Checkout Form/btn_ok-success-checkout_checkout'

2023-09-08 11:27:20 - [MESSAGE][WARNING] - Timeout '0' is invalid. Using default page load timeout: '30'

2023-09-08 11:27:24 - [MESSAGE][PASSED] - Tapped on element 'Object Repository/Cart/Checkout/Checkout Form/btn_ok-success-checkout_checkout'

2023-09-08 11:27:24 - [TEST_STEP][PASSED] - callTestCase(findTestCase("Reusable-Test/TC0_Terminate-App"), [:], STOP_ON_FAILURE): Call Test Case 'Test Cases/Reusable-Test/TC0_Terminate-App' successfully

2023-09-08 11:27:24 - [TEST_CASE][PASSED] - Test Cases/Reusable-Test/TC0_Terminate-App: Test Cases/Reusable-Test/TC0_Terminate-App

2023-09-08 11:27:25 - [TEST_STEP][PASSED] - driver = getDriver(): null

2023-09-08 11:27:25 - [TEST_STEP][PASSED] - driver.terminateApp("io.appium.android.apis"): null

2023-09-08 11:27:25 - [MESSAGE][PASSED] - Call Test Case 'Test Cases/Reusable-Test/TC0_Terminate-App' successfully]]></system-out>
         <system-err><![CDATA[]]></system-err>
      </testcase>
      <system-out><![CDATA[2023-09-08 11:26:30 - [TEST_SUITE][PASSED] - TS2_Cart: Test Cases/TC_Cart/TC2_Order-Product]]></system-out>
      <system-err><![CDATA[]]></system-err>
   </testsuite>
</testsuites>
